[2024-03-09 12:26:53,352][flwr][INFO] - Starting Flower simulation, config: ServerConfig(num_rounds=10, round_timeout=None)
[2024-03-09 12:26:58,261][flwr][INFO] - Flower VCE: Ray initialized with resources: {'memory': 29934261044.0, 'node:127.0.0.1': 1.0, 'object_store_memory': 14967130521.0, 'node:__internal_head__': 1.0, 'CPU': 24.0, 'GPU': 1.0}
[2024-03-09 12:26:58,261][flwr][INFO] - Optimize your simulation with Flower VCE: https://flower.dev/docs/framework/how-to-run-simulations.html
[2024-03-09 12:26:58,262][flwr][INFO] - No `client_resources` specified. Using minimal resources for clients.
[2024-03-09 12:26:58,262][flwr][INFO] - Flower VCE: Resources for each Virtual Client: {'num_cpus': 1, 'num_gpus': 0.0}
[2024-03-09 12:26:58,301][flwr][INFO] - Flower VCE: Creating VirtualClientEngineActorPool with 24 actors
[2024-03-09 12:26:58,302][flwr][INFO] - Initializing global parameters
[2024-03-09 12:26:58,303][flwr][INFO] - Requesting initial parameters from one random client
[2024-03-09 12:27:02,548][flwr][INFO] - Received initial parameters from one random client
[2024-03-09 12:27:02,549][flwr][INFO] - Evaluating initial parameters
[2024-03-09 12:27:07,141][flwr][INFO] - initial parameters (loss, other metrics): 11.87013977766037, {'accuracy': 0.5053763440860215}
[2024-03-09 12:27:07,142][flwr][INFO] - FL starting
[2024-03-09 12:27:07,143][flwr][DEBUG] - fit_round 1: strategy sampled 5 clients (out of 25)
[2024-03-09 12:27:24,130][flwr][DEBUG] - fit_round 1 received 5 results and 0 failures
[2024-03-09 12:27:24,204][flwr][WARNING] - No fit_metrics_aggregation_fn provided
[2024-03-09 12:27:28,657][flwr][INFO] - fit progress: (1, 11.782436192035675, {'accuracy': 0.5053763440860215}, 21.51470320000044)
[2024-03-09 12:27:28,658][flwr][DEBUG] - evaluate_round 1: strategy sampled 10 clients (out of 25)
[2024-03-09 12:27:39,949][flwr][DEBUG] - evaluate_round 1 received 10 results and 0 failures
[2024-03-09 12:27:39,950][flwr][WARNING] - No evaluate_metrics_aggregation_fn provided
[2024-03-09 12:27:39,951][flwr][DEBUG] - fit_round 2: strategy sampled 5 clients (out of 25)
[2024-03-09 12:27:55,071][flwr][DEBUG] - fit_round 2 received 5 results and 0 failures
[2024-03-09 12:27:59,637][flwr][INFO] - fit progress: (2, 11.782043814659119, {'accuracy': 0.5053763440860215}, 52.49489960000028)
[2024-03-09 12:27:59,637][flwr][DEBUG] - evaluate_round 2: strategy sampled 10 clients (out of 25)
[2024-03-09 12:28:08,557][flwr][DEBUG] - evaluate_round 2 received 10 results and 0 failures
[2024-03-09 12:28:08,558][flwr][DEBUG] - fit_round 3: strategy sampled 5 clients (out of 25)
[2024-03-09 12:28:24,013][flwr][DEBUG] - fit_round 3 received 5 results and 0 failures
[2024-03-09 12:28:28,736][flwr][INFO] - fit progress: (3, 11.775393009185791, {'accuracy': 0.5053763440860215}, 81.59377210000002)
[2024-03-09 12:28:28,737][flwr][DEBUG] - evaluate_round 3: strategy sampled 10 clients (out of 25)
[2024-03-09 12:28:37,546][flwr][DEBUG] - evaluate_round 3 received 10 results and 0 failures
[2024-03-09 12:28:37,548][flwr][DEBUG] - fit_round 4: strategy sampled 5 clients (out of 25)
[2024-03-09 12:28:52,528][flwr][DEBUG] - fit_round 4 received 5 results and 0 failures
[2024-03-09 12:28:57,308][flwr][INFO] - fit progress: (4, 11.783570885658264, {'accuracy': 0.4946236559139785}, 110.1656522000003)
[2024-03-09 12:28:57,308][flwr][DEBUG] - evaluate_round 4: strategy sampled 10 clients (out of 25)
[2024-03-09 12:29:06,234][flwr][DEBUG] - evaluate_round 4 received 10 results and 0 failures
[2024-03-09 12:29:06,235][flwr][DEBUG] - fit_round 5: strategy sampled 5 clients (out of 25)
[2024-03-09 12:29:21,329][flwr][DEBUG] - fit_round 5 received 5 results and 0 failures
[2024-03-09 12:29:25,953][flwr][INFO] - fit progress: (5, 11.772784292697906, {'accuracy': 0.5077138849929874}, 138.81165189999956)
[2024-03-09 12:29:25,954][flwr][DEBUG] - evaluate_round 5: strategy sampled 10 clients (out of 25)
[2024-03-09 12:29:34,763][flwr][DEBUG] - evaluate_round 5 received 10 results and 0 failures
[2024-03-09 12:29:34,764][flwr][DEBUG] - fit_round 6: strategy sampled 5 clients (out of 25)
[2024-03-09 12:29:49,715][flwr][DEBUG] - fit_round 6 received 5 results and 0 failures
[2024-03-09 12:29:54,377][flwr][INFO] - fit progress: (6, 11.777385473251343, {'accuracy': 0.4946236559139785}, 167.2341067999996)
[2024-03-09 12:29:54,377][flwr][DEBUG] - evaluate_round 6: strategy sampled 10 clients (out of 25)
[2024-03-09 12:30:02,996][flwr][DEBUG] - evaluate_round 6 received 10 results and 0 failures
[2024-03-09 12:30:02,997][flwr][DEBUG] - fit_round 7: strategy sampled 5 clients (out of 25)
[2024-03-09 12:30:18,166][flwr][DEBUG] - fit_round 7 received 5 results and 0 failures
[2024-03-09 12:30:22,769][flwr][INFO] - fit progress: (7, 11.770506799221039, {'accuracy': 0.4946236559139785}, 195.6265642999997)
[2024-03-09 12:30:22,770][flwr][DEBUG] - evaluate_round 7: strategy sampled 10 clients (out of 25)
[2024-03-09 12:30:31,389][flwr][DEBUG] - evaluate_round 7 received 10 results and 0 failures
[2024-03-09 12:30:31,390][flwr][DEBUG] - fit_round 8: strategy sampled 5 clients (out of 25)
[2024-03-09 12:30:46,501][flwr][DEBUG] - fit_round 8 received 5 results and 0 failures
[2024-03-09 12:30:50,964][flwr][INFO] - fit progress: (8, 11.758509516716003, {'accuracy': 0.4946236559139785}, 223.82135240000025)
[2024-03-09 12:30:50,965][flwr][DEBUG] - evaluate_round 8: strategy sampled 10 clients (out of 25)
[2024-03-09 12:30:59,467][flwr][DEBUG] - evaluate_round 8 received 10 results and 0 failures
[2024-03-09 12:30:59,468][flwr][DEBUG] - fit_round 9: strategy sampled 5 clients (out of 25)
[2024-03-09 12:31:14,271][flwr][DEBUG] - fit_round 9 received 5 results and 0 failures
[2024-03-09 12:31:18,814][flwr][INFO] - fit progress: (9, 11.718485057353973, {'accuracy': 0.5194015895278168}, 251.67205439999998)
[2024-03-09 12:31:18,815][flwr][DEBUG] - evaluate_round 9: strategy sampled 10 clients (out of 25)
[2024-03-09 12:31:27,294][flwr][DEBUG] - evaluate_round 9 received 10 results and 0 failures
[2024-03-09 12:31:27,295][flwr][DEBUG] - fit_round 10: strategy sampled 5 clients (out of 25)
[2024-03-09 12:31:42,095][flwr][DEBUG] - fit_round 10 received 5 results and 0 failures
[2024-03-09 12:31:46,606][flwr][INFO] - fit progress: (10, 11.70471578836441, {'accuracy': 0.5278167367928939}, 279.46406879999995)
[2024-03-09 12:31:46,607][flwr][DEBUG] - evaluate_round 10: strategy sampled 10 clients (out of 25)
[2024-03-09 12:31:55,071][flwr][DEBUG] - evaluate_round 10 received 10 results and 0 failures
[2024-03-09 12:31:55,072][flwr][INFO] - FL finished in 287.92982500000016
[2024-03-09 12:31:55,074][flwr][INFO] - app_fit: losses_distributed [(1, 0.6956068754196167), (2, 0.6994770288467407), (3, 0.6952985882759094), (4, 0.6922874212265014), (5, 0.6931381225585938), (6, 0.6922192811965943), (7, 0.6919204413890838), (8, 0.6905596315860748), (9, 0.6919901013374329), (10, 0.6909440457820892)]
[2024-03-09 12:31:55,075][flwr][INFO] - app_fit: metrics_distributed_fit {}
[2024-03-09 12:31:55,075][flwr][INFO] - app_fit: metrics_distributed {}
[2024-03-09 12:31:55,075][flwr][INFO] - app_fit: losses_centralized [(0, 11.87013977766037), (1, 11.782436192035675), (2, 11.782043814659119), (3, 11.775393009185791), (4, 11.783570885658264), (5, 11.772784292697906), (6, 11.777385473251343), (7, 11.770506799221039), (8, 11.758509516716003), (9, 11.718485057353973), (10, 11.70471578836441)]
[2024-03-09 12:31:55,076][flwr][INFO] - app_fit: metrics_centralized {'accuracy': [(0, 0.5053763440860215), (1, 0.5053763440860215), (2, 0.5053763440860215), (3, 0.5053763440860215), (4, 0.4946236559139785), (5, 0.5077138849929874), (6, 0.4946236559139785), (7, 0.4946236559139785), (8, 0.4946236559139785), (9, 0.5194015895278168), (10, 0.5278167367928939)]}
