[2024-03-10 14:59:03,438][flwr][INFO] - Starting Flower simulation, config: ServerConfig(num_rounds=50, round_timeout=None)
[2024-03-10 14:59:10,246][flwr][INFO] - Flower VCE: Ray initialized with resources: {'object_store_memory': 14120316518.0, 'node:127.0.0.1': 1.0, 'memory': 28240633038.0, 'CPU': 24.0, 'GPU': 1.0, 'node:__internal_head__': 1.0}
[2024-03-10 14:59:10,247][flwr][INFO] - Optimize your simulation with Flower VCE: https://flower.dev/docs/framework/how-to-run-simulations.html
[2024-03-10 14:59:10,247][flwr][INFO] - No `client_resources` specified. Using minimal resources for clients.
[2024-03-10 14:59:10,248][flwr][INFO] - Flower VCE: Resources for each Virtual Client: {'num_cpus': 1, 'num_gpus': 0.0}
[2024-03-10 14:59:10,282][flwr][INFO] - Flower VCE: Creating VirtualClientEngineActorPool with 24 actors
[2024-03-10 14:59:10,283][flwr][INFO] - Initializing global parameters
[2024-03-10 14:59:10,284][flwr][INFO] - Requesting initial parameters from one random client
[2024-03-10 14:59:15,900][flwr][INFO] - Received initial parameters from one random client
[2024-03-10 14:59:15,900][flwr][INFO] - Evaluating initial parameters
[2024-03-10 14:59:24,232][flwr][INFO] - initial parameters (loss, other metrics): 11.782893896102905, {'accuracy': 0.4946236559139785}
[2024-03-10 14:59:24,233][flwr][INFO] - FL starting
[2024-03-10 14:59:24,233][flwr][DEBUG] - fit_round 1: strategy sampled 3 clients (out of 10)
[2024-03-10 15:01:10,476][flwr][DEBUG] - fit_round 1 received 3 results and 0 failures
[2024-03-10 15:01:10,731][flwr][WARNING] - No fit_metrics_aggregation_fn provided
[2024-03-10 15:01:18,820][flwr][INFO] - fit progress: (1, 10.039205133914948, {'accuracy': 0.6933146330060777}, 114.58702250000351)
[2024-03-10 15:01:18,821][flwr][DEBUG] - evaluate_round 1: strategy sampled 1 clients (out of 10)
[2024-03-10 15:01:26,592][flwr][DEBUG] - evaluate_round 1 received 1 results and 0 failures
[2024-03-10 15:01:26,593][flwr][WARNING] - No evaluate_metrics_aggregation_fn provided
[2024-03-10 15:01:26,594][flwr][DEBUG] - fit_round 2: strategy sampled 3 clients (out of 10)
[2024-03-10 15:03:20,317][flwr][DEBUG] - fit_round 2 received 3 results and 0 failures
[2024-03-10 15:03:28,794][flwr][INFO] - fit progress: (2, 9.94136768579483, {'accuracy': 0.6965871902758298}, 244.56103219999932)
[2024-03-10 15:03:28,795][flwr][DEBUG] - evaluate_round 2: strategy sampled 1 clients (out of 10)
[2024-03-10 15:03:36,746][flwr][DEBUG] - evaluate_round 2 received 1 results and 0 failures
[2024-03-10 15:03:36,747][flwr][DEBUG] - fit_round 3: strategy sampled 3 clients (out of 10)
[2024-03-10 15:05:30,398][flwr][DEBUG] - fit_round 3 received 3 results and 0 failures
[2024-03-10 15:05:38,769][flwr][INFO] - fit progress: (3, 9.049941629171371, {'accuracy': 0.7204301075268817}, 374.5362576999978)
[2024-03-10 15:05:38,770][flwr][DEBUG] - evaluate_round 3: strategy sampled 1 clients (out of 10)
[2024-03-10 15:05:46,604][flwr][DEBUG] - evaluate_round 3 received 1 results and 0 failures
[2024-03-10 15:05:46,605][flwr][DEBUG] - fit_round 4: strategy sampled 3 clients (out of 10)
[2024-03-10 15:07:38,433][flwr][DEBUG] - fit_round 4 received 3 results and 0 failures
[2024-03-10 15:07:46,819][flwr][INFO] - fit progress: (4, 9.986081331968307, {'accuracy': 0.6699392239364189}, 502.5854001999978)
[2024-03-10 15:07:46,820][flwr][DEBUG] - evaluate_round 4: strategy sampled 1 clients (out of 10)
[2024-03-10 15:07:54,532][flwr][DEBUG] - evaluate_round 4 received 1 results and 0 failures
[2024-03-10 15:07:54,534][flwr][DEBUG] - fit_round 5: strategy sampled 3 clients (out of 10)
[2024-03-10 15:09:45,307][flwr][DEBUG] - fit_round 5 received 3 results and 0 failures
[2024-03-10 15:09:53,659][flwr][INFO] - fit progress: (5, 9.18174633383751, {'accuracy': 0.7307152875175316}, 629.4260130000039)
[2024-03-10 15:09:53,660][flwr][DEBUG] - evaluate_round 5: strategy sampled 1 clients (out of 10)
[2024-03-10 15:10:01,392][flwr][DEBUG] - evaluate_round 5 received 1 results and 0 failures
[2024-03-10 15:10:01,393][flwr][DEBUG] - fit_round 6: strategy sampled 3 clients (out of 10)
[2024-03-10 15:11:54,377][flwr][DEBUG] - fit_round 6 received 3 results and 0 failures
[2024-03-10 15:12:02,740][flwr][INFO] - fit progress: (6, 9.117778360843658, {'accuracy': 0.705002337540907}, 758.5070011999996)
[2024-03-10 15:12:02,741][flwr][DEBUG] - evaluate_round 6: strategy sampled 1 clients (out of 10)
[2024-03-10 15:12:10,422][flwr][DEBUG] - evaluate_round 6 received 1 results and 0 failures
[2024-03-10 15:12:10,423][flwr][DEBUG] - fit_round 7: strategy sampled 3 clients (out of 10)
[2024-03-10 15:14:02,024][flwr][DEBUG] - fit_round 7 received 3 results and 0 failures
[2024-03-10 15:14:10,395][flwr][INFO] - fit progress: (7, 9.73381620645523, {'accuracy': 0.707807386629266}, 886.1619628999979)
[2024-03-10 15:14:10,396][flwr][DEBUG] - evaluate_round 7: strategy sampled 1 clients (out of 10)
[2024-03-10 15:14:17,995][flwr][DEBUG] - evaluate_round 7 received 1 results and 0 failures
[2024-03-10 15:14:17,996][flwr][DEBUG] - fit_round 8: strategy sampled 3 clients (out of 10)
[2024-03-10 15:16:10,684][flwr][DEBUG] - fit_round 8 received 3 results and 0 failures
[2024-03-10 15:16:19,078][flwr][INFO] - fit progress: (8, 9.059101969003677, {'accuracy': 0.7339878447872837}, 1014.8445436000038)
[2024-03-10 15:16:19,079][flwr][DEBUG] - evaluate_round 8: strategy sampled 1 clients (out of 10)
[2024-03-10 15:16:26,775][flwr][DEBUG] - evaluate_round 8 received 1 results and 0 failures
[2024-03-10 15:16:26,776][flwr][DEBUG] - fit_round 9: strategy sampled 3 clients (out of 10)
[2024-03-10 15:18:19,320][flwr][DEBUG] - fit_round 9 received 3 results and 0 failures
[2024-03-10 15:18:27,764][flwr][INFO] - fit progress: (9, 9.97457280755043, {'accuracy': 0.6867695184665732}, 1143.5304834999988)
[2024-03-10 15:18:27,765][flwr][DEBUG] - evaluate_round 9: strategy sampled 1 clients (out of 10)
[2024-03-10 15:18:35,486][flwr][DEBUG] - evaluate_round 9 received 1 results and 0 failures
[2024-03-10 15:18:35,487][flwr][DEBUG] - fit_round 10: strategy sampled 3 clients (out of 10)
[2024-03-10 15:20:27,195][flwr][DEBUG] - fit_round 10 received 3 results and 0 failures
[2024-03-10 15:20:35,686][flwr][INFO] - fit progress: (10, 10.192958414554596, {'accuracy': 0.6900420757363254}, 1271.452603800004)
[2024-03-10 15:20:35,687][flwr][DEBUG] - evaluate_round 10: strategy sampled 1 clients (out of 10)
[2024-03-10 15:20:43,461][flwr][DEBUG] - evaluate_round 10 received 1 results and 0 failures
[2024-03-10 15:20:43,462][flwr][DEBUG] - fit_round 11: strategy sampled 3 clients (out of 10)
[2024-03-10 15:22:35,333][flwr][DEBUG] - fit_round 11 received 3 results and 0 failures
[2024-03-10 15:22:43,758][flwr][INFO] - fit progress: (11, 10.679509744048119, {'accuracy': 0.6937821411874708}, 1399.523780399999)
[2024-03-10 15:22:43,758][flwr][DEBUG] - evaluate_round 11: strategy sampled 1 clients (out of 10)
[2024-03-10 15:22:51,429][flwr][DEBUG] - evaluate_round 11 received 1 results and 0 failures
[2024-03-10 15:22:51,430][flwr][DEBUG] - fit_round 12: strategy sampled 3 clients (out of 10)
[2024-03-10 15:24:43,529][flwr][DEBUG] - fit_round 12 received 3 results and 0 failures
[2024-03-10 15:24:52,037][flwr][INFO] - fit progress: (12, 9.684286445379257, {'accuracy': 0.6951846657316503}, 1527.804118699998)
[2024-03-10 15:24:52,038][flwr][DEBUG] - evaluate_round 12: strategy sampled 1 clients (out of 10)
[2024-03-10 15:24:59,736][flwr][DEBUG] - evaluate_round 12 received 1 results and 0 failures
[2024-03-10 15:24:59,736][flwr][DEBUG] - fit_round 13: strategy sampled 3 clients (out of 10)
[2024-03-10 15:26:51,930][flwr][DEBUG] - fit_round 13 received 3 results and 0 failures
[2024-03-10 15:27:00,336][flwr][INFO] - fit progress: (13, 10.368089571595192, {'accuracy': 0.689107059373539}, 1656.1029838000031)
[2024-03-10 15:27:00,337][flwr][DEBUG] - evaluate_round 13: strategy sampled 1 clients (out of 10)
[2024-03-10 15:27:07,951][flwr][DEBUG] - evaluate_round 13 received 1 results and 0 failures
[2024-03-10 15:27:07,952][flwr][DEBUG] - fit_round 14: strategy sampled 3 clients (out of 10)
[2024-03-10 15:29:00,253][flwr][DEBUG] - fit_round 14 received 3 results and 0 failures
[2024-03-10 15:29:08,855][flwr][INFO] - fit progress: (14, 9.263163551688194, {'accuracy': 0.7087424029920524}, 1784.621707600003)
[2024-03-10 15:29:08,856][flwr][DEBUG] - evaluate_round 14: strategy sampled 1 clients (out of 10)
[2024-03-10 15:29:16,518][flwr][DEBUG] - evaluate_round 14 received 1 results and 0 failures
[2024-03-10 15:29:16,518][flwr][DEBUG] - fit_round 15: strategy sampled 3 clients (out of 10)
[2024-03-10 15:31:08,859][flwr][DEBUG] - fit_round 15 received 3 results and 0 failures
[2024-03-10 15:31:17,333][flwr][INFO] - fit progress: (15, 10.039990946650505, {'accuracy': 0.6909770920991117}, 1913.1000666000036)
[2024-03-10 15:31:17,334][flwr][DEBUG] - evaluate_round 15: strategy sampled 1 clients (out of 10)
[2024-03-10 15:31:25,028][flwr][DEBUG] - evaluate_round 15 received 1 results and 0 failures
[2024-03-10 15:31:25,029][flwr][DEBUG] - fit_round 16: strategy sampled 3 clients (out of 10)
[2024-03-10 15:33:16,397][flwr][DEBUG] - fit_round 16 received 3 results and 0 failures
[2024-03-10 15:33:24,819][flwr][INFO] - fit progress: (16, 9.813664138317108, {'accuracy': 0.7026647966339411}, 2040.585060700003)
[2024-03-10 15:33:24,820][flwr][DEBUG] - evaluate_round 16: strategy sampled 1 clients (out of 10)
[2024-03-10 15:33:32,556][flwr][DEBUG] - evaluate_round 16 received 1 results and 0 failures
[2024-03-10 15:33:32,557][flwr][DEBUG] - fit_round 17: strategy sampled 3 clients (out of 10)
[2024-03-10 15:35:25,378][flwr][DEBUG] - fit_round 17 received 3 results and 0 failures
[2024-03-10 15:35:34,362][flwr][INFO] - fit progress: (17, 10.453990042209625, {'accuracy': 0.6769518466573166}, 2170.128811800001)
[2024-03-10 15:35:34,363][flwr][DEBUG] - evaluate_round 17: strategy sampled 1 clients (out of 10)
[2024-03-10 15:35:42,081][flwr][DEBUG] - evaluate_round 17 received 1 results and 0 failures
[2024-03-10 15:35:42,082][flwr][DEBUG] - fit_round 18: strategy sampled 3 clients (out of 10)
[2024-03-10 15:37:34,827][flwr][DEBUG] - fit_round 18 received 3 results and 0 failures
[2024-03-10 15:37:43,290][flwr][INFO] - fit progress: (18, 10.677963078022003, {'accuracy': 0.6619915848527349}, 2299.056506699999)
[2024-03-10 15:37:43,291][flwr][DEBUG] - evaluate_round 18: strategy sampled 1 clients (out of 10)
[2024-03-10 15:37:51,108][flwr][DEBUG] - evaluate_round 18 received 1 results and 0 failures
[2024-03-10 15:37:51,109][flwr][DEBUG] - fit_round 19: strategy sampled 3 clients (out of 10)
[2024-03-10 15:39:43,735][flwr][DEBUG] - fit_round 19 received 3 results and 0 failures
[2024-03-10 15:39:52,200][flwr][INFO] - fit progress: (19, 10.632688269019127, {'accuracy': 0.6886395511921458}, 2427.9658248999986)
[2024-03-10 15:39:52,200][flwr][DEBUG] - evaluate_round 19: strategy sampled 1 clients (out of 10)
[2024-03-10 15:39:59,898][flwr][DEBUG] - evaluate_round 19 received 1 results and 0 failures
[2024-03-10 15:39:59,899][flwr][DEBUG] - fit_round 20: strategy sampled 3 clients (out of 10)
[2024-03-10 15:41:52,288][flwr][DEBUG] - fit_round 20 received 3 results and 0 failures
[2024-03-10 15:42:00,708][flwr][INFO] - fit progress: (20, 12.670108556747437, {'accuracy': 0.6456287985039738}, 2556.475210000004)
[2024-03-10 15:42:00,709][flwr][DEBUG] - evaluate_round 20: strategy sampled 1 clients (out of 10)
[2024-03-10 15:42:08,401][flwr][DEBUG] - evaluate_round 20 received 1 results and 0 failures
[2024-03-10 15:42:08,402][flwr][DEBUG] - fit_round 21: strategy sampled 3 clients (out of 10)
[2024-03-10 15:44:01,370][flwr][DEBUG] - fit_round 21 received 3 results and 0 failures
[2024-03-10 15:44:09,768][flwr][INFO] - fit progress: (21, 11.3509960770607, {'accuracy': 0.6517064048620851}, 2685.534402600002)
[2024-03-10 15:44:09,769][flwr][DEBUG] - evaluate_round 21: strategy sampled 1 clients (out of 10)
[2024-03-10 15:44:17,348][flwr][DEBUG] - evaluate_round 21 received 1 results and 0 failures
[2024-03-10 15:44:17,349][flwr][DEBUG] - fit_round 22: strategy sampled 3 clients (out of 10)
[2024-03-10 15:46:08,341][flwr][DEBUG] - fit_round 22 received 3 results and 0 failures
[2024-03-10 15:46:16,835][flwr][INFO] - fit progress: (22, 9.802281558513641, {'accuracy': 0.7096774193548387}, 2812.6023521000025)
[2024-03-10 15:46:16,836][flwr][DEBUG] - evaluate_round 22: strategy sampled 1 clients (out of 10)
[2024-03-10 15:46:24,503][flwr][DEBUG] - evaluate_round 22 received 1 results and 0 failures
[2024-03-10 15:46:24,503][flwr][DEBUG] - fit_round 23: strategy sampled 3 clients (out of 10)
[2024-03-10 15:48:16,891][flwr][DEBUG] - fit_round 23 received 3 results and 0 failures
[2024-03-10 15:48:25,336][flwr][INFO] - fit progress: (23, 11.01029458642006, {'accuracy': 0.6666666666666666}, 2941.1027252999993)
[2024-03-10 15:48:25,337][flwr][DEBUG] - evaluate_round 23: strategy sampled 1 clients (out of 10)
[2024-03-10 15:48:33,036][flwr][DEBUG] - evaluate_round 23 received 1 results and 0 failures
[2024-03-10 15:48:33,037][flwr][DEBUG] - fit_round 24: strategy sampled 3 clients (out of 10)
[2024-03-10 15:50:25,245][flwr][DEBUG] - fit_round 24 received 3 results and 0 failures
[2024-03-10 15:50:33,638][flwr][INFO] - fit progress: (24, 11.053306072950363, {'accuracy': 0.6746143057503506}, 3069.404585199998)
[2024-03-10 15:50:33,639][flwr][DEBUG] - evaluate_round 24: strategy sampled 1 clients (out of 10)
[2024-03-10 15:50:41,276][flwr][DEBUG] - evaluate_round 24 received 1 results and 0 failures
[2024-03-10 15:50:41,277][flwr][DEBUG] - fit_round 25: strategy sampled 3 clients (out of 10)
[2024-03-10 15:52:33,876][flwr][DEBUG] - fit_round 25 received 3 results and 0 failures
[2024-03-10 15:52:42,357][flwr][INFO] - fit progress: (25, 11.422556400299072, {'accuracy': 0.6619915848527349}, 3198.1246191000027)
[2024-03-10 15:52:42,358][flwr][DEBUG] - evaluate_round 25: strategy sampled 1 clients (out of 10)
[2024-03-10 15:52:50,055][flwr][DEBUG] - evaluate_round 25 received 1 results and 0 failures
[2024-03-10 15:52:50,056][flwr][DEBUG] - fit_round 26: strategy sampled 3 clients (out of 10)
[2024-03-10 15:54:42,707][flwr][DEBUG] - fit_round 26 received 3 results and 0 failures
[2024-03-10 15:54:51,134][flwr][INFO] - fit progress: (26, 9.8815016746521, {'accuracy': 0.6984572230014026}, 3326.9007060000004)
[2024-03-10 15:54:51,134][flwr][DEBUG] - evaluate_round 26: strategy sampled 1 clients (out of 10)
[2024-03-10 15:54:58,700][flwr][DEBUG] - evaluate_round 26 received 1 results and 0 failures
[2024-03-10 15:54:58,701][flwr][DEBUG] - fit_round 27: strategy sampled 3 clients (out of 10)
[2024-03-10 15:56:50,968][flwr][DEBUG] - fit_round 27 received 3 results and 0 failures
[2024-03-10 15:56:59,390][flwr][INFO] - fit progress: (27, 10.472860008478165, {'accuracy': 0.6774193548387096}, 3455.156732399999)
[2024-03-10 15:56:59,391][flwr][DEBUG] - evaluate_round 27: strategy sampled 1 clients (out of 10)
[2024-03-10 15:57:07,047][flwr][DEBUG] - evaluate_round 27 received 1 results and 0 failures
[2024-03-10 15:57:07,048][flwr][DEBUG] - fit_round 28: strategy sampled 3 clients (out of 10)
[2024-03-10 15:58:59,521][flwr][DEBUG] - fit_round 28 received 3 results and 0 failures
[2024-03-10 15:59:07,967][flwr][INFO] - fit progress: (28, 10.87143261730671, {'accuracy': 0.6844319775596073}, 3583.734245899999)
[2024-03-10 15:59:07,968][flwr][DEBUG] - evaluate_round 28: strategy sampled 1 clients (out of 10)
[2024-03-10 15:59:15,845][flwr][DEBUG] - evaluate_round 28 received 1 results and 0 failures
[2024-03-10 15:59:15,846][flwr][DEBUG] - fit_round 29: strategy sampled 3 clients (out of 10)
[2024-03-10 16:01:07,897][flwr][DEBUG] - fit_round 29 received 3 results and 0 failures
[2024-03-10 16:01:16,275][flwr][INFO] - fit progress: (29, 11.045066714286804, {'accuracy': 0.6839644693782141}, 3712.042004499999)
[2024-03-10 16:01:16,276][flwr][DEBUG] - evaluate_round 29: strategy sampled 1 clients (out of 10)
[2024-03-10 16:01:24,001][flwr][DEBUG] - evaluate_round 29 received 1 results and 0 failures
[2024-03-10 16:01:24,002][flwr][DEBUG] - fit_round 30: strategy sampled 3 clients (out of 10)
[2024-03-10 16:03:15,829][flwr][DEBUG] - fit_round 30 received 3 results and 0 failures
[2024-03-10 16:03:24,341][flwr][INFO] - fit progress: (30, 10.137863636016846, {'accuracy': 0.7176250584385226}, 3840.108607000002)
[2024-03-10 16:03:24,343][flwr][DEBUG] - evaluate_round 30: strategy sampled 1 clients (out of 10)
[2024-03-10 16:03:31,977][flwr][DEBUG] - evaluate_round 30 received 1 results and 0 failures
[2024-03-10 16:03:31,978][flwr][DEBUG] - fit_round 31: strategy sampled 3 clients (out of 10)
[2024-03-10 16:05:24,643][flwr][DEBUG] - fit_round 31 received 3 results and 0 failures
[2024-03-10 16:05:33,090][flwr][INFO] - fit progress: (31, 10.34484913945198, {'accuracy': 0.6825619448340347}, 3968.857264799997)
[2024-03-10 16:05:33,091][flwr][DEBUG] - evaluate_round 31: strategy sampled 1 clients (out of 10)
[2024-03-10 16:05:40,726][flwr][DEBUG] - evaluate_round 31 received 1 results and 0 failures
[2024-03-10 16:05:40,726][flwr][DEBUG] - fit_round 32: strategy sampled 3 clients (out of 10)
[2024-03-10 16:07:33,088][flwr][DEBUG] - fit_round 32 received 3 results and 0 failures
[2024-03-10 16:07:41,502][flwr][INFO] - fit progress: (32, 10.668267548084259, {'accuracy': 0.6919121084618981}, 4097.2685165)
[2024-03-10 16:07:41,502][flwr][DEBUG] - evaluate_round 32: strategy sampled 1 clients (out of 10)
[2024-03-10 16:07:49,147][flwr][DEBUG] - evaluate_round 32 received 1 results and 0 failures
[2024-03-10 16:07:49,147][flwr][DEBUG] - fit_round 33: strategy sampled 3 clients (out of 10)
[2024-03-10 16:09:41,866][flwr][DEBUG] - fit_round 33 received 3 results and 0 failures
[2024-03-10 16:09:50,325][flwr][INFO] - fit progress: (33, 11.160804331302643, {'accuracy': 0.6760168302945302}, 4226.091250899997)
[2024-03-10 16:09:50,325][flwr][DEBUG] - evaluate_round 33: strategy sampled 1 clients (out of 10)
[2024-03-10 16:09:57,908][flwr][DEBUG] - evaluate_round 33 received 1 results and 0 failures
[2024-03-10 16:09:57,909][flwr][DEBUG] - fit_round 34: strategy sampled 3 clients (out of 10)
[2024-03-10 16:11:49,462][flwr][DEBUG] - fit_round 34 received 3 results and 0 failures
[2024-03-10 16:11:57,899][flwr][INFO] - fit progress: (34, 9.99959647655487, {'accuracy': 0.7035998129967275}, 4353.665657800004)
[2024-03-10 16:11:57,900][flwr][DEBUG] - evaluate_round 34: strategy sampled 1 clients (out of 10)
[2024-03-10 16:12:05,608][flwr][DEBUG] - evaluate_round 34 received 1 results and 0 failures
[2024-03-10 16:12:05,609][flwr][DEBUG] - fit_round 35: strategy sampled 3 clients (out of 10)
[2024-03-10 16:13:57,991][flwr][DEBUG] - fit_round 35 received 3 results and 0 failures
[2024-03-10 16:14:06,434][flwr][INFO] - fit progress: (35, 10.849648028612137, {'accuracy': 0.6802244039270687}, 4482.200896100003)
[2024-03-10 16:14:06,435][flwr][DEBUG] - evaluate_round 35: strategy sampled 1 clients (out of 10)
[2024-03-10 16:14:14,046][flwr][DEBUG] - evaluate_round 35 received 1 results and 0 failures
[2024-03-10 16:14:14,047][flwr][DEBUG] - fit_round 36: strategy sampled 3 clients (out of 10)
[2024-03-10 16:16:06,403][flwr][DEBUG] - fit_round 36 received 3 results and 0 failures
[2024-03-10 16:16:14,789][flwr][INFO] - fit progress: (36, 11.33863851428032, {'accuracy': 0.6933146330060777}, 4610.555295999999)
[2024-03-10 16:16:14,790][flwr][DEBUG] - evaluate_round 36: strategy sampled 1 clients (out of 10)
[2024-03-10 16:16:22,385][flwr][DEBUG] - evaluate_round 36 received 1 results and 0 failures
[2024-03-10 16:16:22,386][flwr][DEBUG] - fit_round 37: strategy sampled 3 clients (out of 10)
[2024-03-10 16:18:14,255][flwr][DEBUG] - fit_round 37 received 3 results and 0 failures
[2024-03-10 16:18:22,698][flwr][INFO] - fit progress: (37, 11.073360368609428, {'accuracy': 0.6778868630201028}, 4738.464993399997)
[2024-03-10 16:18:22,699][flwr][DEBUG] - evaluate_round 37: strategy sampled 1 clients (out of 10)
[2024-03-10 16:18:30,448][flwr][DEBUG] - evaluate_round 37 received 1 results and 0 failures
[2024-03-10 16:18:30,449][flwr][DEBUG] - fit_round 38: strategy sampled 3 clients (out of 10)
[2024-03-10 16:20:23,306][flwr][DEBUG] - fit_round 38 received 3 results and 0 failures
[2024-03-10 16:20:31,709][flwr][INFO] - fit progress: (38, 12.143019899725914, {'accuracy': 0.6666666666666666}, 4867.475885100001)
[2024-03-10 16:20:31,710][flwr][DEBUG] - evaluate_round 38: strategy sampled 1 clients (out of 10)
[2024-03-10 16:20:39,315][flwr][DEBUG] - evaluate_round 38 received 1 results and 0 failures
[2024-03-10 16:20:39,315][flwr][DEBUG] - fit_round 39: strategy sampled 3 clients (out of 10)
[2024-03-10 16:22:31,263][flwr][DEBUG] - fit_round 39 received 3 results and 0 failures
[2024-03-10 16:22:39,742][flwr][INFO] - fit progress: (39, 11.085424482822418, {'accuracy': 0.6816269284712483}, 4995.508702500003)
[2024-03-10 16:22:39,743][flwr][DEBUG] - evaluate_round 39: strategy sampled 1 clients (out of 10)
[2024-03-10 16:22:47,407][flwr][DEBUG] - evaluate_round 39 received 1 results and 0 failures
[2024-03-10 16:22:47,408][flwr][DEBUG] - fit_round 40: strategy sampled 3 clients (out of 10)
[2024-03-10 16:24:39,984][flwr][DEBUG] - fit_round 40 received 3 results and 0 failures
[2024-03-10 16:24:48,449][flwr][INFO] - fit progress: (40, 11.240616768598557, {'accuracy': 0.6704067321178121}, 5124.2157544)
[2024-03-10 16:24:48,450][flwr][DEBUG] - evaluate_round 40: strategy sampled 1 clients (out of 10)
[2024-03-10 16:24:56,159][flwr][DEBUG] - evaluate_round 40 received 1 results and 0 failures
[2024-03-10 16:24:56,160][flwr][DEBUG] - fit_round 41: strategy sampled 3 clients (out of 10)
[2024-03-10 16:26:48,388][flwr][DEBUG] - fit_round 41 received 3 results and 0 failures
[2024-03-10 16:26:56,830][flwr][INFO] - fit progress: (41, 11.212733522057533, {'accuracy': 0.6820944366526415}, 5252.596682399999)
[2024-03-10 16:26:56,830][flwr][DEBUG] - evaluate_round 41: strategy sampled 1 clients (out of 10)
[2024-03-10 16:27:04,527][flwr][DEBUG] - evaluate_round 41 received 1 results and 0 failures
[2024-03-10 16:27:04,528][flwr][DEBUG] - fit_round 42: strategy sampled 3 clients (out of 10)
[2024-03-10 16:28:56,284][flwr][DEBUG] - fit_round 42 received 3 results and 0 failures
[2024-03-10 16:29:04,739][flwr][INFO] - fit progress: (42, 9.845053777098656, {'accuracy': 0.7260402057035998}, 5380.5058283000035)
[2024-03-10 16:29:04,740][flwr][DEBUG] - evaluate_round 42: strategy sampled 1 clients (out of 10)
[2024-03-10 16:29:12,533][flwr][DEBUG] - evaluate_round 42 received 1 results and 0 failures
[2024-03-10 16:29:12,533][flwr][DEBUG] - fit_round 43: strategy sampled 3 clients (out of 10)
[2024-03-10 16:31:04,522][flwr][DEBUG] - fit_round 43 received 3 results and 0 failures
[2024-03-10 16:31:13,019][flwr][INFO] - fit progress: (43, 11.938012897968292, {'accuracy': 0.667601683029453}, 5508.785523700004)
[2024-03-10 16:31:13,020][flwr][DEBUG] - evaluate_round 43: strategy sampled 1 clients (out of 10)
[2024-03-10 16:31:20,697][flwr][DEBUG] - evaluate_round 43 received 1 results and 0 failures
[2024-03-10 16:31:20,698][flwr][DEBUG] - fit_round 44: strategy sampled 3 clients (out of 10)
[2024-03-10 16:33:12,815][flwr][DEBUG] - fit_round 44 received 3 results and 0 failures
[2024-03-10 16:33:21,245][flwr][INFO] - fit progress: (44, 10.625325575470924, {'accuracy': 0.6942496493688639}, 5637.011886799999)
[2024-03-10 16:33:21,246][flwr][DEBUG] - evaluate_round 44: strategy sampled 1 clients (out of 10)
[2024-03-10 16:33:28,834][flwr][DEBUG] - evaluate_round 44 received 1 results and 0 failures
[2024-03-10 16:33:28,835][flwr][DEBUG] - fit_round 45: strategy sampled 3 clients (out of 10)
[2024-03-10 16:35:21,477][flwr][DEBUG] - fit_round 45 received 3 results and 0 failures
[2024-03-10 16:35:29,915][flwr][INFO] - fit progress: (45, 10.854074358940125, {'accuracy': 0.6736792893875643}, 5765.682336800004)
[2024-03-10 16:35:29,916][flwr][DEBUG] - evaluate_round 45: strategy sampled 1 clients (out of 10)
[2024-03-10 16:35:37,604][flwr][DEBUG] - evaluate_round 45 received 1 results and 0 failures
[2024-03-10 16:35:37,605][flwr][DEBUG] - fit_round 46: strategy sampled 3 clients (out of 10)
[2024-03-10 16:37:29,896][flwr][DEBUG] - fit_round 46 received 3 results and 0 failures
[2024-03-10 16:37:38,281][flwr][INFO] - fit progress: (46, 11.831046283245087, {'accuracy': 0.667601683029453}, 5894.047943700003)
[2024-03-10 16:37:38,281][flwr][DEBUG] - evaluate_round 46: strategy sampled 1 clients (out of 10)
[2024-03-10 16:37:45,976][flwr][DEBUG] - evaluate_round 46 received 1 results and 0 failures
[2024-03-10 16:37:45,977][flwr][DEBUG] - fit_round 47: strategy sampled 3 clients (out of 10)
[2024-03-10 16:39:38,433][flwr][DEBUG] - fit_round 47 received 3 results and 0 failures
[2024-03-10 16:39:46,819][flwr][INFO] - fit progress: (47, 10.842339232563972, {'accuracy': 0.6979897148200094}, 6022.5856255000035)
[2024-03-10 16:39:46,820][flwr][DEBUG] - evaluate_round 47: strategy sampled 1 clients (out of 10)
[2024-03-10 16:39:54,493][flwr][DEBUG] - evaluate_round 47 received 1 results and 0 failures
[2024-03-10 16:39:54,494][flwr][DEBUG] - fit_round 48: strategy sampled 3 clients (out of 10)
[2024-03-10 16:41:46,695][flwr][DEBUG] - fit_round 48 received 3 results and 0 failures
[2024-03-10 16:41:55,071][flwr][INFO] - fit progress: (48, 11.381301894783974, {'accuracy': 0.6778868630201028}, 6150.837353100003)
[2024-03-10 16:41:55,072][flwr][DEBUG] - evaluate_round 48: strategy sampled 1 clients (out of 10)
[2024-03-10 16:42:02,685][flwr][DEBUG] - evaluate_round 48 received 1 results and 0 failures
[2024-03-10 16:42:02,686][flwr][DEBUG] - fit_round 49: strategy sampled 3 clients (out of 10)
[2024-03-10 16:43:54,634][flwr][DEBUG] - fit_round 49 received 3 results and 0 failures
[2024-03-10 16:44:03,042][flwr][INFO] - fit progress: (49, 11.669683769345284, {'accuracy': 0.6858345021037868}, 6278.808845699998)
[2024-03-10 16:44:03,042][flwr][DEBUG] - evaluate_round 49: strategy sampled 1 clients (out of 10)
[2024-03-10 16:44:10,632][flwr][DEBUG] - evaluate_round 49 received 1 results and 0 failures
[2024-03-10 16:44:10,633][flwr][DEBUG] - fit_round 50: strategy sampled 3 clients (out of 10)
[2024-03-10 16:46:01,408][flwr][DEBUG] - fit_round 50 received 3 results and 0 failures
[2024-03-10 16:46:09,826][flwr][INFO] - fit progress: (50, 12.248464524745941, {'accuracy': 0.6259934548854605}, 6405.5933019)
[2024-03-10 16:46:09,827][flwr][DEBUG] - evaluate_round 50: strategy sampled 1 clients (out of 10)
[2024-03-10 16:46:17,570][flwr][DEBUG] - evaluate_round 50 received 1 results and 0 failures
[2024-03-10 16:46:17,570][flwr][INFO] - FL finished in 6413.336408000003
[2024-03-10 16:46:17,577][flwr][INFO] - app_fit: losses_distributed [(1, 3.795207381248474), (2, 3.8007714450359344), (3, 2.547741547226906), (4, 2.5858079195022583), (5, 2.921958550810814), (6, 2.233630582690239), (7, 2.2012696266174316), (8, 1.8800944685935974), (9, 2.332821026444435), (10, 2.314769595861435), (11, 2.915887199342251), (12, 2.1095159351825714), (13, 1.8428504467010498), (14, 1.7787109836935997), (15, 1.766388788819313), (16, 2.473180204629898), (17, 2.1731023341417313), (18, 2.1785884648561478), (19, 1.6233154460787773), (20, 1.6154144778847694), (21, 1.8713785111904144), (22, 1.7741662710905075), (23, 1.9504177272319794), (24, 1.7874704152345657), (25, 2.2048120945692062), (26, 1.798343151807785), (27, 1.8886371701955795), (28, 2.178232654929161), (29, 1.6616324856877327), (30, 2.6749620735645294), (31, 1.88113671541214), (32, 3.1979228258132935), (33, 1.9362177848815918), (34, 2.001811534166336), (35, 1.6796820536255836), (36, 2.5417314171791077), (37, 1.726328730583191), (38, 6.040840834379196), (39, 1.7158591449260712), (40, 1.4898963123559952), (41, 1.9686540588736534), (42, 2.217717319726944), (43, 2.957867369055748), (44, 1.564915731549263), (45, 2.1424229592084885), (46, 2.072909712791443), (47, 2.0124140232801437), (48, 1.8917071670293808), (49, 4.552484095096588), (50, 2.001473993062973)]
[2024-03-10 16:46:17,578][flwr][INFO] - app_fit: metrics_distributed_fit {}
[2024-03-10 16:46:17,578][flwr][INFO] - app_fit: metrics_distributed {}
[2024-03-10 16:46:17,579][flwr][INFO] - app_fit: losses_centralized [(0, 11.782893896102905), (1, 10.039205133914948), (2, 9.94136768579483), (3, 9.049941629171371), (4, 9.986081331968307), (5, 9.18174633383751), (6, 9.117778360843658), (7, 9.73381620645523), (8, 9.059101969003677), (9, 9.97457280755043), (10, 10.192958414554596), (11, 10.679509744048119), (12, 9.684286445379257), (13, 10.368089571595192), (14, 9.263163551688194), (15, 10.039990946650505), (16, 9.813664138317108), (17, 10.453990042209625), (18, 10.677963078022003), (19, 10.632688269019127), (20, 12.670108556747437), (21, 11.3509960770607), (22, 9.802281558513641), (23, 11.01029458642006), (24, 11.053306072950363), (25, 11.422556400299072), (26, 9.8815016746521), (27, 10.472860008478165), (28, 10.87143261730671), (29, 11.045066714286804), (30, 10.137863636016846), (31, 10.34484913945198), (32, 10.668267548084259), (33, 11.160804331302643), (34, 9.99959647655487), (35, 10.849648028612137), (36, 11.33863851428032), (37, 11.073360368609428), (38, 12.143019899725914), (39, 11.085424482822418), (40, 11.240616768598557), (41, 11.212733522057533), (42, 9.845053777098656), (43, 11.938012897968292), (44, 10.625325575470924), (45, 10.854074358940125), (46, 11.831046283245087), (47, 10.842339232563972), (48, 11.381301894783974), (49, 11.669683769345284), (50, 12.248464524745941)]
[2024-03-10 16:46:17,580][flwr][INFO] - app_fit: metrics_centralized {'accuracy': [(0, 0.4946236559139785), (1, 0.6933146330060777), (2, 0.6965871902758298), (3, 0.7204301075268817), (4, 0.6699392239364189), (5, 0.7307152875175316), (6, 0.705002337540907), (7, 0.707807386629266), (8, 0.7339878447872837), (9, 0.6867695184665732), (10, 0.6900420757363254), (11, 0.6937821411874708), (12, 0.6951846657316503), (13, 0.689107059373539), (14, 0.7087424029920524), (15, 0.6909770920991117), (16, 0.7026647966339411), (17, 0.6769518466573166), (18, 0.6619915848527349), (19, 0.6886395511921458), (20, 0.6456287985039738), (21, 0.6517064048620851), (22, 0.7096774193548387), (23, 0.6666666666666666), (24, 0.6746143057503506), (25, 0.6619915848527349), (26, 0.6984572230014026), (27, 0.6774193548387096), (28, 0.6844319775596073), (29, 0.6839644693782141), (30, 0.7176250584385226), (31, 0.6825619448340347), (32, 0.6919121084618981), (33, 0.6760168302945302), (34, 0.7035998129967275), (35, 0.6802244039270687), (36, 0.6933146330060777), (37, 0.6778868630201028), (38, 0.6666666666666666), (39, 0.6816269284712483), (40, 0.6704067321178121), (41, 0.6820944366526415), (42, 0.7260402057035998), (43, 0.667601683029453), (44, 0.6942496493688639), (45, 0.6736792893875643), (46, 0.667601683029453), (47, 0.6979897148200094), (48, 0.6778868630201028), (49, 0.6858345021037868), (50, 0.6259934548854605)]}
