[2024-03-06 20:20:57,364][flwr][INFO] - Starting Flower simulation, config: ServerConfig(num_rounds=10, round_timeout=None)
[2024-03-06 20:21:02,253][flwr][INFO] - Flower VCE: Ray initialized with resources: {'object_store_memory': 15017844326.0, 'memory': 30035688654.0, 'node:127.0.0.1': 1.0, 'node:__internal_head__': 1.0, 'GPU': 1.0, 'CPU': 24.0}
[2024-03-06 20:21:02,255][flwr][INFO] - Optimize your simulation with Flower VCE: https://flower.dev/docs/framework/how-to-run-simulations.html
[2024-03-06 20:21:02,255][flwr][INFO] - No `client_resources` specified. Using minimal resources for clients.
[2024-03-06 20:21:02,255][flwr][INFO] - Flower VCE: Resources for each Virtual Client: {'num_cpus': 1, 'num_gpus': 0.0}
[2024-03-06 20:21:02,295][flwr][INFO] - Flower VCE: Creating VirtualClientEngineActorPool with 24 actors
[2024-03-06 20:21:02,297][flwr][INFO] - Initializing global parameters
[2024-03-06 20:21:02,297][flwr][INFO] - Requesting initial parameters from one random client
[2024-03-06 20:21:06,896][flwr][INFO] - Received initial parameters from one random client
[2024-03-06 20:21:06,896][flwr][INFO] - Evaluating initial parameters
[2024-03-06 20:22:00,147][flwr][ERROR] - index 0 is out of bounds for dimension 0 with size 0
[2024-03-06 20:22:00,151][flwr][ERROR] - Traceback (most recent call last):
  File "c:\Users\Guddu\anaconda3\envs\rehaan\Lib\site-packages\flwr\simulation\app.py", line 308, in start_simulation
    hist = run_fl(
           ^^^^^^^
  File "c:\Users\Guddu\anaconda3\envs\rehaan\Lib\site-packages\flwr\server\app.py", line 225, in run_fl
    hist = server.fit(num_rounds=config.num_rounds, timeout=config.round_timeout)
           ^^^^^^^^^^^^^^^^^^^^^^^^^^^^^^^^^^^^^^^^^^^^^^^^^^^^^^^^^^^^^^^^^^^^^^
  File "c:\Users\Guddu\anaconda3\envs\rehaan\Lib\site-packages\flwr\server\server.py", line 92, in fit
    res = self.strategy.evaluate(0, parameters=self.parameters)
          ^^^^^^^^^^^^^^^^^^^^^^^^^^^^^^^^^^^^^^^^^^^^^^^^^^^^^
  File "c:\Users\Guddu\anaconda3\envs\rehaan\Lib\site-packages\flwr\server\strategy\fedavg.py", line 165, in evaluate
    eval_res = self.evaluate_fn(server_round, parameters_ndarrays, {})
               ^^^^^^^^^^^^^^^^^^^^^^^^^^^^^^^^^^^^^^^^^^^^^^^^^^^^^^^
  File "J:\Rehaan's College Project\fed_tutorial_next\server.py", line 29, in evaluate_fn
    model.load_state_dict(state_dict, strict=False)
  File "c:\Users\Guddu\anaconda3\envs\rehaan\Lib\site-packages\torch\nn\modules\module.py", line 2138, in load_state_dict
    load(self, state_dict)
  File "c:\Users\Guddu\anaconda3\envs\rehaan\Lib\site-packages\torch\nn\modules\module.py", line 2126, in load
    load(child, child_state_dict, child_prefix)
  File "c:\Users\Guddu\anaconda3\envs\rehaan\Lib\site-packages\torch\nn\modules\module.py", line 2126, in load
    load(child, child_state_dict, child_prefix)
  File "c:\Users\Guddu\anaconda3\envs\rehaan\Lib\site-packages\torch\nn\modules\module.py", line 2120, in load
    module._load_from_state_dict(
  File "c:\Users\Guddu\anaconda3\envs\rehaan\Lib\site-packages\torch\nn\modules\batchnorm.py", line 110, in _load_from_state_dict
    super()._load_from_state_dict(
  File "c:\Users\Guddu\anaconda3\envs\rehaan\Lib\site-packages\torch\nn\modules\module.py", line 2015, in _load_from_state_dict
    input_param = input_param[0]
                  ~~~~~~~~~~~^^^
IndexError: index 0 is out of bounds for dimension 0 with size 0

[2024-03-06 20:22:00,154][flwr][ERROR] - Your simulation crashed :(. This could be because of several reasons. The most common are: 
	 > Sometimes, issues in the simulation code itself can cause crashes. It's always a good idea to double-check your code for any potential bugs or inconsistencies that might be contributing to the problem. For example: 
		 - You might be using a class attribute in your clients that hasn't been defined.
		 - There could be an incorrect method call to a 3rd party library (e.g., PyTorch).
		 - The return types of methods in your clients/strategies might be incorrect.
	 > Your system couldn't fit a single VirtualClient: try lowering `client_resources`.
	 > All the actors in your pool crashed. This could be because: 
		 - You clients hit an out-of-memory (OOM) error and actors couldn't recover from it. Try launching your simulation with more generous `client_resources` setting (i.e. it seems {'num_cpus': 1, 'num_gpus': 0.0} is not enough for your run). Use fewer concurrent actors. 
		 - You were running a multi-node simulation and all worker nodes disconnected. The head node might still be alive but cannot accommodate any actor with resources: {'num_cpus': 1, 'num_gpus': 0.0}.
Take a look at the Flower simulation examples for guidance <https://flower.dev/docs/framework/how-to-run-simulations.html>.
