[2024-03-09 12:12:18,297][flwr][INFO] - Starting Flower simulation, config: ServerConfig(num_rounds=10, round_timeout=None)
[2024-03-09 12:12:23,379][flwr][INFO] - Flower VCE: Ray initialized with resources: {'CPU': 24.0, 'memory': 23361574503.0, 'node:127.0.0.1': 1.0, 'object_store_memory': 11680787251.0, 'node:__internal_head__': 1.0, 'GPU': 1.0}
[2024-03-09 12:12:23,380][flwr][INFO] - Optimize your simulation with Flower VCE: https://flower.dev/docs/framework/how-to-run-simulations.html
[2024-03-09 12:12:23,380][flwr][INFO] - No `client_resources` specified. Using minimal resources for clients.
[2024-03-09 12:12:23,381][flwr][INFO] - Flower VCE: Resources for each Virtual Client: {'num_cpus': 1, 'num_gpus': 0.0}
[2024-03-09 12:12:23,419][flwr][INFO] - Flower VCE: Creating VirtualClientEngineActorPool with 24 actors
[2024-03-09 12:12:23,420][flwr][INFO] - Initializing global parameters
[2024-03-09 12:12:23,421][flwr][INFO] - Requesting initial parameters from one random client
[2024-03-09 12:13:04,341][flwr][INFO] - Received initial parameters from one random client
[2024-03-09 12:13:04,342][flwr][INFO] - Evaluating initial parameters
[2024-03-09 12:13:09,238][flwr][INFO] - initial parameters (loss, other metrics): 11.879124581813812, {'accuracy': 0.4946236559139785}
[2024-03-09 12:13:09,239][flwr][INFO] - FL starting
[2024-03-09 12:13:09,240][flwr][DEBUG] - fit_round 1: strategy sampled 5 clients (out of 25)
[2024-03-09 12:13:19,694][flwr][DEBUG] - fit_round 1 received 5 results and 0 failures
[2024-03-09 12:13:19,758][flwr][WARNING] - No fit_metrics_aggregation_fn provided
[2024-03-09 12:13:24,208][flwr][INFO] - fit progress: (1, 11.853728473186493, {'accuracy': 0.4946236559139785}, 14.968707699999868)
[2024-03-09 12:13:24,209][flwr][DEBUG] - evaluate_round 1: strategy sampled 10 clients (out of 25)
[2024-03-09 12:13:35,541][flwr][DEBUG] - evaluate_round 1 received 10 results and 0 failures
[2024-03-09 12:13:35,541][flwr][WARNING] - No evaluate_metrics_aggregation_fn provided
[2024-03-09 12:13:35,542][flwr][DEBUG] - fit_round 2: strategy sampled 5 clients (out of 25)
[2024-03-09 12:13:43,329][flwr][DEBUG] - fit_round 2 received 5 results and 0 failures
[2024-03-09 12:13:47,956][flwr][INFO] - fit progress: (2, 11.668198883533478, {'accuracy': 0.5638148667601683}, 38.716468099999474)
[2024-03-09 12:13:47,957][flwr][DEBUG] - evaluate_round 2: strategy sampled 10 clients (out of 25)
[2024-03-09 12:13:56,808][flwr][DEBUG] - evaluate_round 2 received 10 results and 0 failures
[2024-03-09 12:13:56,809][flwr][DEBUG] - fit_round 3: strategy sampled 5 clients (out of 25)
[2024-03-09 12:14:04,478][flwr][DEBUG] - fit_round 3 received 5 results and 0 failures
[2024-03-09 12:14:09,052][flwr][INFO] - fit progress: (3, 11.710869491100311, {'accuracy': 0.49228611500701264}, 59.81256159999975)
[2024-03-09 12:14:09,053][flwr][DEBUG] - evaluate_round 3: strategy sampled 10 clients (out of 25)
[2024-03-09 12:14:17,875][flwr][DEBUG] - evaluate_round 3 received 10 results and 0 failures
[2024-03-09 12:14:17,876][flwr][DEBUG] - fit_round 4: strategy sampled 5 clients (out of 25)
[2024-03-09 12:14:25,460][flwr][DEBUG] - fit_round 4 received 5 results and 0 failures
[2024-03-09 12:14:30,055][flwr][INFO] - fit progress: (4, 11.517296493053436, {'accuracy': 0.6255259467040674}, 80.81560479999916)
[2024-03-09 12:14:30,056][flwr][DEBUG] - evaluate_round 4: strategy sampled 10 clients (out of 25)
[2024-03-09 12:14:38,596][flwr][DEBUG] - evaluate_round 4 received 10 results and 0 failures
[2024-03-09 12:14:38,597][flwr][DEBUG] - fit_round 5: strategy sampled 5 clients (out of 25)
[2024-03-09 12:14:46,263][flwr][DEBUG] - fit_round 5 received 5 results and 0 failures
[2024-03-09 12:14:50,852][flwr][INFO] - fit progress: (5, 11.635261595249176, {'accuracy': 0.520336605890603}, 101.61216739999963)
[2024-03-09 12:14:50,853][flwr][DEBUG] - evaluate_round 5: strategy sampled 10 clients (out of 25)
[2024-03-09 12:14:59,406][flwr][DEBUG] - evaluate_round 5 received 10 results and 0 failures
[2024-03-09 12:14:59,407][flwr][DEBUG] - fit_round 6: strategy sampled 5 clients (out of 25)
[2024-03-09 12:15:07,016][flwr][DEBUG] - fit_round 6 received 5 results and 0 failures
[2024-03-09 12:15:11,591][flwr][INFO] - fit progress: (6, 11.479111433029175, {'accuracy': 0.6746143057503506}, 122.35158929999943)
[2024-03-09 12:15:11,592][flwr][DEBUG] - evaluate_round 6: strategy sampled 10 clients (out of 25)
[2024-03-09 12:15:20,131][flwr][DEBUG] - evaluate_round 6 received 10 results and 0 failures
[2024-03-09 12:15:20,132][flwr][DEBUG] - fit_round 7: strategy sampled 5 clients (out of 25)
[2024-03-09 12:15:27,772][flwr][DEBUG] - fit_round 7 received 5 results and 0 failures
[2024-03-09 12:15:32,250][flwr][INFO] - fit progress: (7, 11.240853369235992, {'accuracy': 0.554932211313698}, 143.01029759999983)
[2024-03-09 12:15:32,251][flwr][DEBUG] - evaluate_round 7: strategy sampled 10 clients (out of 25)
[2024-03-09 12:15:40,704][flwr][DEBUG] - evaluate_round 7 received 10 results and 0 failures
[2024-03-09 12:15:40,705][flwr][DEBUG] - fit_round 8: strategy sampled 5 clients (out of 25)
[2024-03-09 12:15:48,208][flwr][DEBUG] - fit_round 8 received 5 results and 0 failures
[2024-03-09 12:15:52,757][flwr][INFO] - fit progress: (8, 11.853664696216583, {'accuracy': 0.4946236559139785}, 163.5181208999993)
[2024-03-09 12:15:52,758][flwr][DEBUG] - evaluate_round 8: strategy sampled 10 clients (out of 25)
[2024-03-09 12:16:01,370][flwr][DEBUG] - evaluate_round 8 received 10 results and 0 failures
[2024-03-09 12:16:01,370][flwr][DEBUG] - fit_round 9: strategy sampled 5 clients (out of 25)
[2024-03-09 12:16:09,017][flwr][DEBUG] - fit_round 9 received 5 results and 0 failures
[2024-03-09 12:16:13,719][flwr][INFO] - fit progress: (9, 11.309955775737762, {'accuracy': 0.6979897148200094}, 184.48015279999981)
[2024-03-09 12:16:13,720][flwr][DEBUG] - evaluate_round 9: strategy sampled 10 clients (out of 25)
[2024-03-09 12:16:22,386][flwr][DEBUG] - evaluate_round 9 received 10 results and 0 failures
[2024-03-09 12:16:22,387][flwr][DEBUG] - fit_round 10: strategy sampled 5 clients (out of 25)
[2024-03-09 12:16:29,980][flwr][DEBUG] - fit_round 10 received 5 results and 0 failures
[2024-03-09 12:16:34,558][flwr][INFO] - fit progress: (10, 11.041694045066833, {'accuracy': 0.7012622720897616}, 205.3180657999992)
[2024-03-09 12:16:34,558][flwr][DEBUG] - evaluate_round 10: strategy sampled 10 clients (out of 25)
[2024-03-09 12:16:43,521][flwr][DEBUG] - evaluate_round 10 received 10 results and 0 failures
[2024-03-09 12:16:43,521][flwr][INFO] - FL finished in 214.28197629999977
[2024-03-09 12:16:43,524][flwr][INFO] - app_fit: losses_distributed [(1, 0.6873259246349335), (2, 0.6863056659698487), (3, 0.6827002048492432), (4, 0.6864346385002136), (5, 0.6866995573043824), (6, 0.6876542091369628), (7, 0.6921131014823914), (8, 0.6909327626228332), (9, 0.6733183860778809), (10, 0.6757118999958038)]
[2024-03-09 12:16:43,524][flwr][INFO] - app_fit: metrics_distributed_fit {}
[2024-03-09 12:16:43,525][flwr][INFO] - app_fit: metrics_distributed {}
[2024-03-09 12:16:43,525][flwr][INFO] - app_fit: losses_centralized [(0, 11.879124581813812), (1, 11.853728473186493), (2, 11.668198883533478), (3, 11.710869491100311), (4, 11.517296493053436), (5, 11.635261595249176), (6, 11.479111433029175), (7, 11.240853369235992), (8, 11.853664696216583), (9, 11.309955775737762), (10, 11.041694045066833)]
[2024-03-09 12:16:43,526][flwr][INFO] - app_fit: metrics_centralized {'accuracy': [(0, 0.4946236559139785), (1, 0.4946236559139785), (2, 0.5638148667601683), (3, 0.49228611500701264), (4, 0.6255259467040674), (5, 0.520336605890603), (6, 0.6746143057503506), (7, 0.554932211313698), (8, 0.4946236559139785), (9, 0.6979897148200094), (10, 0.7012622720897616)]}
