[2024-03-09 12:02:50,409][flwr][INFO] - Starting Flower simulation, config: ServerConfig(num_rounds=10, round_timeout=None)
[2024-03-09 12:02:55,459][flwr][INFO] - Flower VCE: Ray initialized with resources: {'CPU': 24.0, 'node:__internal_head__': 1.0, 'GPU': 1.0, 'node:127.0.0.1': 1.0, 'memory': 29643902976.0, 'object_store_memory': 14821951488.0}
[2024-03-09 12:02:55,459][flwr][INFO] - Optimize your simulation with Flower VCE: https://flower.dev/docs/framework/how-to-run-simulations.html
[2024-03-09 12:02:55,460][flwr][INFO] - No `client_resources` specified. Using minimal resources for clients.
[2024-03-09 12:02:55,460][flwr][INFO] - Flower VCE: Resources for each Virtual Client: {'num_cpus': 1, 'num_gpus': 0.0}
[2024-03-09 12:02:55,498][flwr][INFO] - Flower VCE: Creating VirtualClientEngineActorPool with 24 actors
[2024-03-09 12:02:55,499][flwr][INFO] - Initializing global parameters
[2024-03-09 12:02:55,500][flwr][INFO] - Requesting initial parameters from one random client
[2024-03-09 12:03:02,044][flwr][INFO] - Received initial parameters from one random client
[2024-03-09 12:03:02,045][flwr][INFO] - Evaluating initial parameters
[2024-03-09 12:03:03,653][flwr][ERROR] - mat1 and mat2 shapes cannot be multiplied (128x100352 and 359552x512)
[2024-03-09 12:03:03,658][flwr][ERROR] - Traceback (most recent call last):
  File "c:\Users\Guddu\anaconda3\envs\rehaan\Lib\site-packages\flwr\simulation\app.py", line 308, in start_simulation
    hist = run_fl(
           ^^^^^^^
  File "c:\Users\Guddu\anaconda3\envs\rehaan\Lib\site-packages\flwr\server\app.py", line 225, in run_fl
    hist = server.fit(num_rounds=config.num_rounds, timeout=config.round_timeout)
           ^^^^^^^^^^^^^^^^^^^^^^^^^^^^^^^^^^^^^^^^^^^^^^^^^^^^^^^^^^^^^^^^^^^^^^
  File "c:\Users\Guddu\anaconda3\envs\rehaan\Lib\site-packages\flwr\server\server.py", line 92, in fit
    res = self.strategy.evaluate(0, parameters=self.parameters)
          ^^^^^^^^^^^^^^^^^^^^^^^^^^^^^^^^^^^^^^^^^^^^^^^^^^^^^
  File "c:\Users\Guddu\anaconda3\envs\rehaan\Lib\site-packages\flwr\server\strategy\fedavg.py", line 165, in evaluate
    eval_res = self.evaluate_fn(server_round, parameters_ndarrays, {})
               ^^^^^^^^^^^^^^^^^^^^^^^^^^^^^^^^^^^^^^^^^^^^^^^^^^^^^^^
  File "J:\Rehaan's College Project\fed_tutorial_next\server.py", line 31, in evaluate_fn
    loss, accuracy = test(model, testloader, device)
                     ^^^^^^^^^^^^^^^^^^^^^^^^^^^^^^^
  File "J:\Rehaan's College Project\fed_tutorial_next\model.py", line 96, in test
    outputs = net(images)
              ^^^^^^^^^^^
  File "c:\Users\Guddu\anaconda3\envs\rehaan\Lib\site-packages\torch\nn\modules\module.py", line 1518, in _wrapped_call_impl
    return self._call_impl(*args, **kwargs)
           ^^^^^^^^^^^^^^^^^^^^^^^^^^^^^^^^
  File "c:\Users\Guddu\anaconda3\envs\rehaan\Lib\site-packages\torch\nn\modules\module.py", line 1527, in _call_impl
    return forward_call(*args, **kwargs)
           ^^^^^^^^^^^^^^^^^^^^^^^^^^^^^
  File "J:\Rehaan's College Project\fed_tutorial_next\model.py", line 60, in forward
    x = F.relu(self.fc1(x))
               ^^^^^^^^^^^
  File "c:\Users\Guddu\anaconda3\envs\rehaan\Lib\site-packages\torch\nn\modules\module.py", line 1518, in _wrapped_call_impl
    return self._call_impl(*args, **kwargs)
           ^^^^^^^^^^^^^^^^^^^^^^^^^^^^^^^^
  File "c:\Users\Guddu\anaconda3\envs\rehaan\Lib\site-packages\torch\nn\modules\module.py", line 1527, in _call_impl
    return forward_call(*args, **kwargs)
           ^^^^^^^^^^^^^^^^^^^^^^^^^^^^^
  File "c:\Users\Guddu\anaconda3\envs\rehaan\Lib\site-packages\torch\nn\modules\linear.py", line 114, in forward
    return F.linear(input, self.weight, self.bias)
           ^^^^^^^^^^^^^^^^^^^^^^^^^^^^^^^^^^^^^^^
RuntimeError: mat1 and mat2 shapes cannot be multiplied (128x100352 and 359552x512)

[2024-03-09 12:03:03,661][flwr][ERROR] - Your simulation crashed :(. This could be because of several reasons. The most common are: 
	 > Sometimes, issues in the simulation code itself can cause crashes. It's always a good idea to double-check your code for any potential bugs or inconsistencies that might be contributing to the problem. For example: 
		 - You might be using a class attribute in your clients that hasn't been defined.
		 - There could be an incorrect method call to a 3rd party library (e.g., PyTorch).
		 - The return types of methods in your clients/strategies might be incorrect.
	 > Your system couldn't fit a single VirtualClient: try lowering `client_resources`.
	 > All the actors in your pool crashed. This could be because: 
		 - You clients hit an out-of-memory (OOM) error and actors couldn't recover from it. Try launching your simulation with more generous `client_resources` setting (i.e. it seems {'num_cpus': 1, 'num_gpus': 0.0} is not enough for your run). Use fewer concurrent actors. 
		 - You were running a multi-node simulation and all worker nodes disconnected. The head node might still be alive but cannot accommodate any actor with resources: {'num_cpus': 1, 'num_gpus': 0.0}.
Take a look at the Flower simulation examples for guidance <https://flower.dev/docs/framework/how-to-run-simulations.html>.
