[2024-03-09 14:30:27,633][flwr][INFO] - Starting Flower simulation, config: ServerConfig(num_rounds=25, round_timeout=None)
[2024-03-09 14:30:33,960][flwr][INFO] - Flower VCE: Ray initialized with resources: {'node:__internal_head__': 1.0, 'memory': 31477540455.0, 'object_store_memory': 15738770227.0, 'node:127.0.0.1': 1.0, 'GPU': 1.0, 'CPU': 24.0}
[2024-03-09 14:30:33,961][flwr][INFO] - Optimize your simulation with Flower VCE: https://flower.dev/docs/framework/how-to-run-simulations.html
[2024-03-09 14:30:33,961][flwr][INFO] - No `client_resources` specified. Using minimal resources for clients.
[2024-03-09 14:30:33,962][flwr][INFO] - Flower VCE: Resources for each Virtual Client: {'num_cpus': 1, 'num_gpus': 0.0}
[2024-03-09 14:30:33,998][flwr][INFO] - Flower VCE: Creating VirtualClientEngineActorPool with 24 actors
[2024-03-09 14:30:33,999][flwr][INFO] - Initializing global parameters
[2024-03-09 14:30:34,000][flwr][INFO] - Requesting initial parameters from one random client
[2024-03-09 14:30:39,433][flwr][INFO] - Received initial parameters from one random client
[2024-03-09 14:30:39,434][flwr][INFO] - Evaluating initial parameters
[2024-03-09 14:30:44,879][flwr][INFO] - initial parameters (loss, other metrics): 13.601514667272568, {'accuracy': 0.4941561477325853}
[2024-03-09 14:30:44,879][flwr][INFO] - FL starting
[2024-03-09 14:30:44,880][flwr][DEBUG] - fit_round 1: strategy sampled 3 clients (out of 10)
[2024-03-09 14:31:16,875][flwr][DEBUG] - fit_round 1 received 3 results and 0 failures
[2024-03-09 14:31:16,985][flwr][WARNING] - No fit_metrics_aggregation_fn provided
[2024-03-09 14:31:22,122][flwr][INFO] - fit progress: (1, 16.405308112502098, {'accuracy': 0.4946236559139785}, 37.241755699999885)
[2024-03-09 14:31:22,123][flwr][DEBUG] - evaluate_round 1: strategy sampled 1 clients (out of 10)
[2024-03-09 14:31:29,394][flwr][DEBUG] - evaluate_round 1 received 1 results and 0 failures
[2024-03-09 14:31:29,394][flwr][WARNING] - No evaluate_metrics_aggregation_fn provided
[2024-03-09 14:31:29,395][flwr][DEBUG] - fit_round 2: strategy sampled 3 clients (out of 10)
[2024-03-09 14:32:02,567][flwr][DEBUG] - fit_round 2 received 3 results and 0 failures
[2024-03-09 14:32:07,882][flwr][INFO] - fit progress: (2, 13.080603033304214, {'accuracy': 0.5053763440860215}, 83.0026528999997)
[2024-03-09 14:32:07,883][flwr][DEBUG] - evaluate_round 2: strategy sampled 1 clients (out of 10)
[2024-03-09 14:32:15,159][flwr][DEBUG] - evaluate_round 2 received 1 results and 0 failures
[2024-03-09 14:32:15,160][flwr][DEBUG] - fit_round 3: strategy sampled 3 clients (out of 10)
[2024-03-09 14:32:48,229][flwr][DEBUG] - fit_round 3 received 3 results and 0 failures
[2024-03-09 14:32:53,492][flwr][INFO] - fit progress: (3, 11.869689881801605, {'accuracy': 0.5053763440860215}, 128.61155700000018)
[2024-03-09 14:32:53,492][flwr][DEBUG] - evaluate_round 3: strategy sampled 1 clients (out of 10)
[2024-03-09 14:33:00,725][flwr][DEBUG] - evaluate_round 3 received 1 results and 0 failures
[2024-03-09 14:33:00,726][flwr][DEBUG] - fit_round 4: strategy sampled 3 clients (out of 10)
[2024-03-09 14:33:33,866][flwr][DEBUG] - fit_round 4 received 3 results and 0 failures
[2024-03-09 14:33:39,262][flwr][INFO] - fit progress: (4, 12.190510094165802, {'accuracy': 0.4946236559139785}, 174.3822497000001)
[2024-03-09 14:33:39,263][flwr][DEBUG] - evaluate_round 4: strategy sampled 1 clients (out of 10)
[2024-03-09 14:33:46,526][flwr][DEBUG] - evaluate_round 4 received 1 results and 0 failures
[2024-03-09 14:33:46,527][flwr][DEBUG] - fit_round 5: strategy sampled 3 clients (out of 10)
[2024-03-09 14:34:19,447][flwr][DEBUG] - fit_round 5 received 3 results and 0 failures
[2024-03-09 14:34:24,787][flwr][INFO] - fit progress: (5, 15.111216008663177, {'accuracy': 0.5133239831697055}, 219.9074442000001)
[2024-03-09 14:34:24,788][flwr][DEBUG] - evaluate_round 5: strategy sampled 1 clients (out of 10)
[2024-03-09 14:34:32,092][flwr][DEBUG] - evaluate_round 5 received 1 results and 0 failures
[2024-03-09 14:34:32,093][flwr][DEBUG] - fit_round 6: strategy sampled 3 clients (out of 10)
[2024-03-09 14:35:04,864][flwr][DEBUG] - fit_round 6 received 3 results and 0 failures
[2024-03-09 14:35:10,207][flwr][INFO] - fit progress: (6, 11.095272660255432, {'accuracy': 0.5881252921926133}, 265.3265255999995)
[2024-03-09 14:35:10,208][flwr][DEBUG] - evaluate_round 6: strategy sampled 1 clients (out of 10)
[2024-03-09 14:35:17,354][flwr][DEBUG] - evaluate_round 6 received 1 results and 0 failures
[2024-03-09 14:35:17,355][flwr][DEBUG] - fit_round 7: strategy sampled 3 clients (out of 10)
[2024-03-09 14:35:50,386][flwr][DEBUG] - fit_round 7 received 3 results and 0 failures
[2024-03-09 14:35:55,722][flwr][INFO] - fit progress: (7, 10.372053861618042, {'accuracy': 0.7755960729312763}, 310.84183369999937)
[2024-03-09 14:35:55,723][flwr][DEBUG] - evaluate_round 7: strategy sampled 1 clients (out of 10)
[2024-03-09 14:36:03,013][flwr][DEBUG] - evaluate_round 7 received 1 results and 0 failures
[2024-03-09 14:36:03,014][flwr][DEBUG] - fit_round 8: strategy sampled 3 clients (out of 10)
[2024-03-09 14:36:36,006][flwr][DEBUG] - fit_round 8 received 3 results and 0 failures
[2024-03-09 14:36:41,366][flwr][INFO] - fit progress: (8, 10.280225336551666, {'accuracy': 0.7784011220196353}, 356.4863117999994)
[2024-03-09 14:36:41,367][flwr][DEBUG] - evaluate_round 8: strategy sampled 1 clients (out of 10)
[2024-03-09 14:36:48,653][flwr][DEBUG] - evaluate_round 8 received 1 results and 0 failures
[2024-03-09 14:36:48,654][flwr][DEBUG] - fit_round 9: strategy sampled 3 clients (out of 10)
[2024-03-09 14:37:21,781][flwr][DEBUG] - fit_round 9 received 3 results and 0 failures
[2024-03-09 14:37:27,051][flwr][INFO] - fit progress: (9, 11.039098143577576, {'accuracy': 0.5741000467508182}, 402.1713976000001)
[2024-03-09 14:37:27,052][flwr][DEBUG] - evaluate_round 9: strategy sampled 1 clients (out of 10)
[2024-03-09 14:37:34,262][flwr][DEBUG] - evaluate_round 9 received 1 results and 0 failures
[2024-03-09 14:37:34,262][flwr][DEBUG] - fit_round 10: strategy sampled 3 clients (out of 10)
[2024-03-09 14:38:07,388][flwr][DEBUG] - fit_round 10 received 3 results and 0 failures
[2024-03-09 14:38:12,732][flwr][INFO] - fit progress: (10, 10.173039078712463, {'accuracy': 0.7283777466105656}, 447.85192969999935)
[2024-03-09 14:38:12,733][flwr][DEBUG] - evaluate_round 10: strategy sampled 1 clients (out of 10)
[2024-03-09 14:38:20,011][flwr][DEBUG] - evaluate_round 10 received 1 results and 0 failures
[2024-03-09 14:38:20,012][flwr][DEBUG] - fit_round 11: strategy sampled 3 clients (out of 10)
[2024-03-09 14:38:53,327][flwr][DEBUG] - fit_round 11 received 3 results and 0 failures
[2024-03-09 14:38:58,694][flwr][INFO] - fit progress: (11, 11.548145905137062, {'accuracy': 0.6035530621785882}, 493.81454699999995)
[2024-03-09 14:38:58,695][flwr][DEBUG] - evaluate_round 11: strategy sampled 1 clients (out of 10)
[2024-03-09 14:39:05,970][flwr][DEBUG] - evaluate_round 11 received 1 results and 0 failures
[2024-03-09 14:39:05,971][flwr][DEBUG] - fit_round 12: strategy sampled 3 clients (out of 10)
[2024-03-09 14:39:39,113][flwr][DEBUG] - fit_round 12 received 3 results and 0 failures
[2024-03-09 14:39:44,505][flwr][INFO] - fit progress: (12, 9.748164862394333, {'accuracy': 0.6886395511921458}, 539.6247592)
[2024-03-09 14:39:44,506][flwr][DEBUG] - evaluate_round 12: strategy sampled 1 clients (out of 10)
[2024-03-09 14:39:51,800][flwr][DEBUG] - evaluate_round 12 received 1 results and 0 failures
[2024-03-09 14:39:51,800][flwr][DEBUG] - fit_round 13: strategy sampled 3 clients (out of 10)
[2024-03-09 14:40:25,134][flwr][DEBUG] - fit_round 13 received 3 results and 0 failures
[2024-03-09 14:40:30,489][flwr][INFO] - fit progress: (13, 9.741120398044586, {'accuracy': 0.7522206638616176}, 585.6093725999999)
[2024-03-09 14:40:30,490][flwr][DEBUG] - evaluate_round 13: strategy sampled 1 clients (out of 10)
[2024-03-09 14:40:37,828][flwr][DEBUG] - evaluate_round 13 received 1 results and 0 failures
[2024-03-09 14:40:37,829][flwr][DEBUG] - fit_round 14: strategy sampled 3 clients (out of 10)
[2024-03-09 14:41:10,746][flwr][DEBUG] - fit_round 14 received 3 results and 0 failures
[2024-03-09 14:41:16,099][flwr][INFO] - fit progress: (14, 10.461798459291458, {'accuracy': 0.7106124357176251}, 631.2193226999998)
[2024-03-09 14:41:16,100][flwr][DEBUG] - evaluate_round 14: strategy sampled 1 clients (out of 10)
[2024-03-09 14:41:23,409][flwr][DEBUG] - evaluate_round 14 received 1 results and 0 failures
[2024-03-09 14:41:23,410][flwr][DEBUG] - fit_round 15: strategy sampled 3 clients (out of 10)
[2024-03-09 14:41:57,224][flwr][DEBUG] - fit_round 15 received 3 results and 0 failures
[2024-03-09 14:42:02,683][flwr][INFO] - fit progress: (15, 11.461708903312683, {'accuracy': 0.5081813931743806}, 677.8038355999997)
[2024-03-09 14:42:02,684][flwr][DEBUG] - evaluate_round 15: strategy sampled 1 clients (out of 10)
[2024-03-09 14:42:10,119][flwr][DEBUG] - evaluate_round 15 received 1 results and 0 failures
[2024-03-09 14:42:10,120][flwr][DEBUG] - fit_round 16: strategy sampled 3 clients (out of 10)
[2024-03-09 14:42:43,859][flwr][DEBUG] - fit_round 16 received 3 results and 0 failures
[2024-03-09 14:42:49,256][flwr][INFO] - fit progress: (16, 9.899621918797493, {'accuracy': 0.6834969611968209}, 724.3768203)
[2024-03-09 14:42:49,257][flwr][DEBUG] - evaluate_round 16: strategy sampled 1 clients (out of 10)
[2024-03-09 14:42:56,530][flwr][DEBUG] - evaluate_round 16 received 1 results and 0 failures
[2024-03-09 14:42:56,531][flwr][DEBUG] - fit_round 17: strategy sampled 3 clients (out of 10)
[2024-03-09 14:43:30,152][flwr][DEBUG] - fit_round 17 received 3 results and 0 failures
[2024-03-09 14:43:35,628][flwr][INFO] - fit progress: (17, 14.712473690509796, {'accuracy': 0.5591397849462365}, 770.7485698999999)
[2024-03-09 14:43:35,629][flwr][DEBUG] - evaluate_round 17: strategy sampled 1 clients (out of 10)
[2024-03-09 14:43:42,904][flwr][DEBUG] - evaluate_round 17 received 1 results and 0 failures
[2024-03-09 14:43:42,905][flwr][DEBUG] - fit_round 18: strategy sampled 3 clients (out of 10)
[2024-03-09 14:44:16,081][flwr][DEBUG] - fit_round 18 received 3 results and 0 failures
[2024-03-09 14:44:21,512][flwr][INFO] - fit progress: (18, 11.097119815647602, {'accuracy': 0.7316503038803179}, 816.6322685999994)
[2024-03-09 14:44:21,513][flwr][DEBUG] - evaluate_round 18: strategy sampled 1 clients (out of 10)
[2024-03-09 14:44:28,854][flwr][DEBUG] - evaluate_round 18 received 1 results and 0 failures
[2024-03-09 14:44:28,854][flwr][DEBUG] - fit_round 19: strategy sampled 3 clients (out of 10)
[2024-03-09 14:45:01,644][flwr][DEBUG] - fit_round 19 received 3 results and 0 failures
[2024-03-09 14:45:07,073][flwr][INFO] - fit progress: (19, 14.597331047058105, {'accuracy': 0.5268817204301075}, 862.1937076999993)
[2024-03-09 14:45:07,074][flwr][DEBUG] - evaluate_round 19: strategy sampled 1 clients (out of 10)
[2024-03-09 14:45:14,764][flwr][DEBUG] - evaluate_round 19 received 1 results and 0 failures
[2024-03-09 14:45:14,765][flwr][DEBUG] - fit_round 20: strategy sampled 3 clients (out of 10)
[2024-03-09 14:45:48,273][flwr][DEBUG] - fit_round 20 received 3 results and 0 failures
[2024-03-09 14:45:53,747][flwr][INFO] - fit progress: (20, 16.497948795557022, {'accuracy': 0.5053763440860215}, 908.8673265999996)
[2024-03-09 14:45:53,748][flwr][DEBUG] - evaluate_round 20: strategy sampled 1 clients (out of 10)
[2024-03-09 14:46:01,074][flwr][DEBUG] - evaluate_round 20 received 1 results and 0 failures
[2024-03-09 14:46:01,075][flwr][DEBUG] - fit_round 21: strategy sampled 3 clients (out of 10)
[2024-03-09 14:46:34,605][flwr][DEBUG] - fit_round 21 received 3 results and 0 failures
[2024-03-09 14:46:39,948][flwr][INFO] - fit progress: (21, 14.83249095082283, {'accuracy': 0.4001870032725573}, 955.0679794999996)
[2024-03-09 14:46:39,949][flwr][DEBUG] - evaluate_round 21: strategy sampled 1 clients (out of 10)
[2024-03-09 14:46:47,252][flwr][DEBUG] - evaluate_round 21 received 1 results and 0 failures
[2024-03-09 14:46:47,252][flwr][DEBUG] - fit_round 22: strategy sampled 3 clients (out of 10)
[2024-03-09 14:47:21,005][flwr][DEBUG] - fit_round 22 received 3 results and 0 failures
[2024-03-09 14:47:26,589][flwr][INFO] - fit progress: (22, 12.698534578084946, {'accuracy': 0.4908835904628331}, 1001.7084746999999)
[2024-03-09 14:47:26,590][flwr][DEBUG] - evaluate_round 22: strategy sampled 1 clients (out of 10)
[2024-03-09 14:47:33,862][flwr][DEBUG] - evaluate_round 22 received 1 results and 0 failures
[2024-03-09 14:47:33,863][flwr][DEBUG] - fit_round 23: strategy sampled 3 clients (out of 10)
[2024-03-09 14:48:07,223][flwr][DEBUG] - fit_round 23 received 3 results and 0 failures
[2024-03-09 14:48:12,700][flwr][INFO] - fit progress: (23, 11.968568280339241, {'accuracy': 0.5591397849462365}, 1047.8205377999993)
[2024-03-09 14:48:12,701][flwr][DEBUG] - evaluate_round 23: strategy sampled 1 clients (out of 10)
[2024-03-09 14:48:20,273][flwr][DEBUG] - evaluate_round 23 received 1 results and 0 failures
[2024-03-09 14:48:20,274][flwr][DEBUG] - fit_round 24: strategy sampled 3 clients (out of 10)
[2024-03-09 14:48:53,798][flwr][DEBUG] - fit_round 24 received 3 results and 0 failures
[2024-03-09 14:48:59,214][flwr][INFO] - fit progress: (24, 11.229947254061699, {'accuracy': 0.6872370266479664}, 1094.3342441999994)
[2024-03-09 14:48:59,214][flwr][DEBUG] - evaluate_round 24: strategy sampled 1 clients (out of 10)
[2024-03-09 14:49:06,527][flwr][DEBUG] - evaluate_round 24 received 1 results and 0 failures
[2024-03-09 14:49:06,527][flwr][DEBUG] - fit_round 25: strategy sampled 3 clients (out of 10)
[2024-03-09 14:49:39,801][flwr][DEBUG] - fit_round 25 received 3 results and 0 failures
[2024-03-09 14:49:45,267][flwr][INFO] - fit progress: (25, 13.29564268141985, {'accuracy': 0.6002805049088359}, 1140.3871178)
[2024-03-09 14:49:45,268][flwr][DEBUG] - evaluate_round 25: strategy sampled 1 clients (out of 10)
[2024-03-09 14:49:52,660][flwr][DEBUG] - evaluate_round 25 received 1 results and 0 failures
[2024-03-09 14:49:52,661][flwr][INFO] - FL finished in 1147.7808866999994
[2024-03-09 14:49:52,666][flwr][INFO] - app_fit: losses_distributed [(1, 6.109492838382721), (2, 4.905745148658752), (3, 4.140687048435211), (4, 4.470270276069641), (5, 4.524120986461639), (6, 4.258234977722168), (7, 3.8335241079330444), (8, 4.066255688667297), (9, 4.000961661338806), (10, 4.185292065143585), (11, 4.231972694396973), (12, 4.1249739825725555), (13, 3.6523266434669495), (14, 4.021070837974548), (15, 4.167300999164581), (16, 4.161654084920883), (17, 5.394576728343964), (18, 4.618119984865189), (19, 3.7322064340114594), (20, 6.231176406145096), (21, 5.2296372056007385), (22, 4.074346333742142), (23, 3.5371382534503937), (24, 3.4815097749233246), (25, 4.946735501289368)]
[2024-03-09 14:49:52,667][flwr][INFO] - app_fit: metrics_distributed_fit {}
[2024-03-09 14:49:52,667][flwr][INFO] - app_fit: metrics_distributed {}
[2024-03-09 14:49:52,667][flwr][INFO] - app_fit: losses_centralized [(0, 13.601514667272568), (1, 16.405308112502098), (2, 13.080603033304214), (3, 11.869689881801605), (4, 12.190510094165802), (5, 15.111216008663177), (6, 11.095272660255432), (7, 10.372053861618042), (8, 10.280225336551666), (9, 11.039098143577576), (10, 10.173039078712463), (11, 11.548145905137062), (12, 9.748164862394333), (13, 9.741120398044586), (14, 10.461798459291458), (15, 11.461708903312683), (16, 9.899621918797493), (17, 14.712473690509796), (18, 11.097119815647602), (19, 14.597331047058105), (20, 16.497948795557022), (21, 14.83249095082283), (22, 12.698534578084946), (23, 11.968568280339241), (24, 11.229947254061699), (25, 13.29564268141985)]
[2024-03-09 14:49:52,668][flwr][INFO] - app_fit: metrics_centralized {'accuracy': [(0, 0.4941561477325853), (1, 0.4946236559139785), (2, 0.5053763440860215), (3, 0.5053763440860215), (4, 0.4946236559139785), (5, 0.5133239831697055), (6, 0.5881252921926133), (7, 0.7755960729312763), (8, 0.7784011220196353), (9, 0.5741000467508182), (10, 0.7283777466105656), (11, 0.6035530621785882), (12, 0.6886395511921458), (13, 0.7522206638616176), (14, 0.7106124357176251), (15, 0.5081813931743806), (16, 0.6834969611968209), (17, 0.5591397849462365), (18, 0.7316503038803179), (19, 0.5268817204301075), (20, 0.5053763440860215), (21, 0.4001870032725573), (22, 0.4908835904628331), (23, 0.5591397849462365), (24, 0.6872370266479664), (25, 0.6002805049088359)]}
